2021-08-12T13:39:10.772Z [my-bank-api info: API started!]
2021-08-12T13:39:20.693Z [my-bank-api info: API started!]
2021-08-12T13:39:25.935Z [my-bank-api info: API started!]
2021-08-12T13:41:00.564Z [my-bank-api info: API started!]
2021-08-12T13:41:05.815Z [my-bank-api info: API started!]
2021-08-12T13:41:06.541Z [my-bank-api info: API started!]
2021-08-12T13:41:15.313Z [my-bank-api info: API started!]
2021-08-12T13:41:16.131Z [my-bank-api info: API started!]
2021-08-12T13:41:18.147Z [my-bank-api info: API started!]
2021-08-12T13:42:18.420Z [my-bank-api info: API started!]
2021-08-12T13:42:19.003Z [my-bank-api info: API started!]
2021-08-12T13:42:22.159Z [my-bank-api info: API started!]
2021-08-12T13:42:28.683Z [my-bank-api info: API started!]
2021-08-12T13:42:29.024Z [my-bank-api info: API started!]
2021-08-12T13:42:32.223Z [my-bank-api info: API started!]
2021-08-12T13:42:44.769Z [my-bank-api info: API started!]
2021-08-12T13:42:52.382Z [my-bank-api info: API started!]
2021-08-12T13:42:53.045Z [my-bank-api info: API started!]
2021-08-12T13:43:00.648Z [my-bank-api info: API started!]
2021-08-12T13:43:03.573Z [my-bank-api info: API started!]
2021-08-12T13:43:18.861Z [my-bank-api info: API started!]
2021-08-12T13:43:22.344Z [my-bank-api info: API started!]
2021-08-12T13:43:29.452Z [my-bank-api info: API started!]
2021-08-12T13:43:35.283Z [my-bank-api info: API started!]
2021-08-12T13:43:38.878Z [my-bank-api info: API started!]
2021-08-12T13:43:39.460Z [my-bank-api info: API started!]
2021-08-12T13:43:41.768Z [my-bank-api info: API started!]
2021-08-12T13:43:44.063Z [my-bank-api info: API started!]
2021-08-12T13:43:44.393Z [my-bank-api info: API started!]
2021-08-12T13:43:54.223Z [my-bank-api info: API started!]
2021-08-12T13:43:54.765Z [my-bank-api info: API started!]
2021-08-12T13:43:55.125Z [my-bank-api info: API started!]
2021-08-12T13:44:00.541Z [my-bank-api info: API started!]
2021-08-12T13:44:14.322Z [my-bank-api error: Name ou Balance s찾o obrigat처rios /account - Name ou Balance s찾o obrigat처rios]
2021-08-12T13:44:17.681Z [my-bank-api info: POST /account - {"id":2,"name":"A","balance":3000}]
2021-08-12T13:44:33.596Z [my-bank-api info: API started!]
2021-08-12T13:44:34.609Z [my-bank-api info: API started!]
2021-08-12T21:26:44.062Z [my-bank-api info: API started!]
2021-08-12T21:28:08.847Z [my-bank-api info: API started!]
2021-08-12T21:28:39.520Z [my-bank-api info: API started!]
2021-08-12T21:28:48.029Z [my-bank-api info: API started!]
2021-08-12T21:28:59.734Z [my-bank-api info: API started!]
2021-08-12T21:29:00.698Z [my-bank-api info: API started!]
2021-08-12T21:29:01.374Z [my-bank-api info: API started!]
2021-08-12T21:29:27.762Z [my-bank-api info: API started!]
2021-08-12T21:29:28.567Z [my-bank-api info: API started!]
2021-08-12T21:29:28.939Z [my-bank-api info: API started!]
2021-08-12T21:29:38.617Z [my-bank-api info: API started!]
2021-08-12T21:29:39.392Z [my-bank-api info: API started!]
2021-08-12T21:29:40.699Z [my-bank-api info: API started!]
2021-08-12T21:29:41.004Z [my-bank-api info: API started!]
2021-08-12T21:29:41.827Z [my-bank-api info: API started!]
2021-08-12T21:29:42.389Z [my-bank-api info: API started!]
2021-08-12T21:29:43.166Z [my-bank-api info: API started!]
2021-08-12T21:29:43.481Z [my-bank-api info: API started!]
2021-08-12T21:30:02.035Z [my-bank-api error: readFile is not defined /account - readFile is not defined]
2021-08-12T21:30:49.362Z [my-bank-api info: API started!]
2021-08-12T21:30:52.968Z [my-bank-api info: API started!]
2021-08-12T21:30:53.623Z [my-bank-api info: API started!]
2021-08-12T21:30:54.238Z [my-bank-api info: API started!]
2021-08-12T21:30:55.043Z [my-bank-api info: API started!]
2021-08-12T21:30:55.618Z [my-bank-api info: API started!]
2021-08-12T21:30:56.477Z [my-bank-api info: API started!]
2021-08-12T21:31:02.278Z [my-bank-api info: API started!]
2021-08-12T21:31:03.284Z [my-bank-api info: API started!]
2021-08-12T21:31:04.380Z [my-bank-api info: POST /account - {"id":3,"name":"A","balance":3000}]
2021-08-12T21:31:22.379Z [my-bank-api info: API started!]
2021-08-12T21:32:31.550Z [my-bank-api info: API started!]
2021-08-12T21:32:32.380Z [my-bank-api info: API started!]
2021-08-12T21:32:52.231Z [my-bank-api info: API started!]
2021-08-12T21:33:01.915Z [my-bank-api info: API started!]
2021-08-12T21:33:06.366Z [my-bank-api info: API started!]
2021-08-12T21:33:07.816Z [my-bank-api info: API started!]
2021-08-12T21:33:15.681Z [my-bank-api info: API started!]
2021-08-12T21:33:19.846Z [my-bank-api info: API started!]
2021-08-12T21:33:25.400Z [my-bank-api info: API started!]
2021-08-12T21:33:28.242Z [my-bank-api info: API started!]
2021-08-12T21:33:52.172Z [my-bank-api info: API started!]
2021-08-12T21:33:52.696Z [my-bank-api info: API started!]
2021-08-12T21:33:57.295Z [my-bank-api info: API started!]
2021-08-12T21:34:20.776Z [my-bank-api info: API started!]
2021-08-12T21:34:35.598Z [my-bank-api info: API started!]
2021-08-12T21:34:42.469Z [my-bank-api info: API started!]
2021-08-12T21:34:43.527Z [my-bank-api info: API started!]
2021-08-12T21:34:44.251Z [my-bank-api info: API started!]
2021-08-12T21:34:44.835Z [my-bank-api info: API started!]
2021-08-12T21:34:45.200Z [my-bank-api info: API started!]
2021-08-12T21:34:46.576Z [my-bank-api info: API started!]
2021-08-12T21:35:04.064Z [my-bank-api info: API started!]
2021-08-12T21:35:24.398Z [my-bank-api info: API started!]
2021-08-12T21:35:25.572Z [my-bank-api info: API started!]
2021-08-12T21:35:26.043Z [my-bank-api info: API started!]
2021-08-12T21:35:26.407Z [my-bank-api info: API started!]
2021-08-12T21:35:26.831Z [my-bank-api info: API started!]
2021-08-12T21:35:32.835Z [my-bank-api info: API started!]
2021-08-12T21:35:33.365Z [my-bank-api info: API started!]
2021-08-12T21:35:33.816Z [my-bank-api info: API started!]
2021-08-12T21:35:34.174Z [my-bank-api info: API started!]
2021-08-12T21:35:38.807Z [my-bank-api info: API started!]
2021-08-12T21:35:41.894Z [my-bank-api info: API started!]
2021-08-12T21:36:11.996Z [my-bank-api info: API started!]
2021-08-12T21:36:20.207Z [my-bank-api info: API started!]
2021-08-12T21:36:20.780Z [my-bank-api info: API started!]
2021-08-12T21:36:24.871Z [my-bank-api info: API started!]
2021-08-12T21:36:25.522Z [my-bank-api info: API started!]
2021-08-12T21:36:28.239Z [my-bank-api info: API started!]
2021-08-12T21:37:07.769Z [my-bank-api info: API started!]
2021-08-12T21:37:17.883Z [my-bank-api info: API started!]
2021-08-12T21:38:00.090Z [my-bank-api info: API started!]
2021-08-12T21:38:00.997Z [my-bank-api info: API started!]
2021-08-12T21:38:04.362Z [my-bank-api info: API started!]
2021-08-12T21:38:10.831Z [my-bank-api info: API started!]
2021-08-12T21:38:15.062Z [my-bank-api info: API started!]
2021-08-12T21:38:16.001Z [my-bank-api info: API started!]
2021-08-12T21:38:23.669Z [my-bank-api info: API started!]
2021-08-12T21:38:26.651Z [my-bank-api info: API started!]
2021-08-12T21:38:26.971Z [my-bank-api info: API started!]
2021-08-12T21:38:27.436Z [my-bank-api info: API started!]
2021-08-12T21:38:27.808Z [my-bank-api info: API started!]
2021-08-12T21:38:28.773Z [my-bank-api info: API started!]
2021-08-12T21:38:58.739Z [my-bank-api info: API started!]
2021-08-12T21:38:59.545Z [my-bank-api info: API started!]
2021-08-12T21:39:01.004Z [my-bank-api info: API started!]
2021-08-12T21:39:01.373Z [my-bank-api info: API started!]
2021-08-12T21:39:16.094Z [my-bank-api info: API started!]
2021-08-12T21:39:18.423Z [my-bank-api info: API started!]
2021-08-12T21:39:23.950Z [my-bank-api info: API started!]
2021-08-12T21:39:26.651Z [my-bank-api info: API started!]
2021-08-12T21:39:27.541Z [my-bank-api info: API started!]
2021-08-12T21:39:34.586Z [my-bank-api info: API started!]
2021-08-12T21:39:35.637Z [my-bank-api info: API started!]
2021-08-12T21:39:36.880Z [my-bank-api info: API started!]
2021-08-12T21:39:37.404Z [my-bank-api info: API started!]
2021-08-12T21:39:37.856Z [my-bank-api info: API started!]
2021-08-12T21:39:53.132Z [my-bank-api info: API started!]
2021-08-12T21:39:55.180Z [my-bank-api info: API started!]
2021-08-12T21:39:55.609Z [my-bank-api info: API started!]
2021-08-12T21:39:55.965Z [my-bank-api info: API started!]
2021-08-12T21:40:02.249Z [my-bank-api info: API started!]
2021-08-12T21:40:04.728Z [my-bank-api info: API started!]
2021-08-12T21:40:36.506Z [my-bank-api info: POST /account - {"id":4,"name":"A","balance":3000}]
2021-08-12T21:40:38.089Z [my-bank-api info: POST /account - {"id":5,"name":"A","balance":3000}]
2021-08-12T21:44:13.693Z [my-bank-api info: API started!]
2021-08-12T21:45:59.499Z [my-bank-api info: API started!]
2021-08-12T21:46:17.917Z [my-bank-api info: API started!]
2021-08-12T21:46:50.216Z [my-bank-api info: API started!]
2021-08-12T21:46:50.955Z [my-bank-api info: API started!]
2021-08-12T21:46:51.420Z [my-bank-api info: API started!]
2021-08-12T21:46:58.418Z [my-bank-api info: API started!]
2021-08-12T21:47:23.291Z [my-bank-api info: API started!]
2021-08-12T21:47:23.652Z [my-bank-api info: API started!]
2021-08-12T21:48:06.984Z [my-bank-api info: API started!]
2021-08-12T21:48:13.828Z [my-bank-api info: API started!]
2021-08-12T21:48:21.691Z [my-bank-api error: data is not defined /account - data is not defined]
2021-08-12T21:48:58.696Z [my-bank-api info: API started!]
2021-08-12T21:49:15.282Z [my-bank-api info: API started!]
2021-08-12T21:49:17.357Z [my-bank-api info: API started!]
2021-08-12T21:49:22.400Z [my-bank-api info: API started!]
2021-08-12T21:49:24.104Z [my-bank-api info: API started!]
2021-08-12T21:49:28.012Z [my-bank-api info: API started!]
2021-08-12T21:49:28.668Z [my-bank-api info: API started!]
2021-08-12T21:49:31.064Z [my-bank-api info: POST /account - {"id":6,"name":"A","balance":3000}]
2021-08-12T21:49:44.832Z [my-bank-api info: API started!]
2021-08-12T21:49:57.495Z [my-bank-api info: API started!]
2021-08-12T21:50:01.068Z [my-bank-api info: API started!]
2021-08-12T21:50:31.163Z [my-bank-api info: API started!]
2021-08-12T21:50:49.804Z [my-bank-api info: API started!]
2021-08-12T21:50:51.025Z [my-bank-api info: API started!]
2021-08-12T21:50:51.499Z [my-bank-api info: API started!]
2021-08-12T21:50:52.054Z [my-bank-api info: API started!]
2021-08-12T21:50:52.581Z [my-bank-api info: API started!]
2021-08-12T21:50:53.055Z [my-bank-api info: API started!]
2021-08-12T21:50:53.638Z [my-bank-api info: API started!]
2021-08-12T21:50:54.110Z [my-bank-api info: API started!]
2021-08-12T21:50:54.574Z [my-bank-api info: API started!]
2021-08-12T21:50:55.039Z [my-bank-api info: API started!]
2021-08-12T21:50:56.191Z [my-bank-api info: API started!]
2021-08-12T21:50:56.806Z [my-bank-api info: API started!]
2021-08-12T21:51:08.152Z [my-bank-api info: API started!]
2021-08-12T21:51:24.870Z [my-bank-api info: API started!]
2021-08-12T21:51:33.732Z [my-bank-api info: API started!]
2021-08-12T21:51:45.834Z [my-bank-api info: API started!]
2021-08-12T21:51:50.700Z [my-bank-api info: API started!]
2021-08-12T21:52:02.702Z [my-bank-api info: API started!]
2021-08-12T21:52:03.662Z [my-bank-api info: API started!]
2021-08-12T21:52:13.740Z [my-bank-api info: API started!]
2021-08-12T21:52:18.275Z [my-bank-api info: API started!]
2021-08-12T21:52:19.000Z [my-bank-api info: API started!]
2021-08-12T21:52:36.973Z [my-bank-api info: API started!]
2021-08-12T21:52:37.922Z [my-bank-api info: API started!]
2021-08-12T21:52:39.428Z [my-bank-api info: API started!]
2021-08-12T21:52:40.165Z [my-bank-api info: API started!]
2021-08-12T21:52:40.472Z [my-bank-api info: API started!]
2021-08-12T21:52:41.171Z [my-bank-api info: API started!]
2021-08-12T21:52:43.250Z [my-bank-api info: API started!]
2021-08-12T21:52:44.165Z [my-bank-api info: API started!]
2021-08-12T21:52:44.927Z [my-bank-api info: API started!]
2021-08-12T21:52:48.577Z [my-bank-api info: API started!]
2021-08-12T21:53:03.537Z [my-bank-api info: API started!]
2021-08-12T21:53:04.073Z [my-bank-api info: API started!]
2021-08-12T21:53:04.774Z [my-bank-api info: API started!]
2021-08-12T21:53:05.148Z [my-bank-api info: API started!]
2021-08-12T21:53:05.641Z [my-bank-api info: API started!]
2021-08-12T21:53:06.002Z [my-bank-api info: API started!]
2021-08-12T21:53:52.590Z [my-bank-api info: API started!]
2021-08-12T21:54:20.939Z [my-bank-api info: API started!]
2021-08-12T21:54:22.092Z [my-bank-api info: API started!]
2021-08-12T21:54:22.415Z [my-bank-api info: API started!]
2021-08-12T21:54:24.501Z [my-bank-api info: API started!]
2021-08-12T21:54:25.011Z [my-bank-api info: API started!]
2021-08-12T21:54:25.543Z [my-bank-api info: API started!]
2021-08-12T21:54:26.065Z [my-bank-api info: API started!]
2021-08-12T21:54:41.197Z [my-bank-api info: API started!]
2021-08-12T21:54:42.071Z [my-bank-api info: API started!]
2021-08-12T21:54:42.531Z [my-bank-api info: API started!]
2021-08-12T21:54:43.099Z [my-bank-api info: API started!]
2021-08-12T21:54:43.467Z [my-bank-api info: API started!]
2021-08-12T21:54:47.319Z [my-bank-api info: API started!]
2021-08-12T21:54:48.211Z [my-bank-api info: API started!]
2021-08-12T21:54:49.178Z [my-bank-api info: API started!]
2021-08-12T21:56:19.882Z [my-bank-api info: API started!]
2021-08-12T21:56:57.783Z [my-bank-api info: API started!]
2021-08-12T21:57:03.765Z [my-bank-api info: API started!]
2021-08-12T21:57:04.934Z [my-bank-api info: API started!]
2021-08-12T21:57:15.878Z [my-bank-api info: API started!]
2021-08-12T21:57:16.894Z [my-bank-api info: API started!]
2021-08-12T21:57:17.318Z [my-bank-api info: API started!]
2021-08-12T21:57:31.062Z [my-bank-api info: API started!]
2021-08-12T21:57:46.218Z [my-bank-api info: API started!]
2021-08-12T21:57:47.075Z [my-bank-api info: API started!]
2021-08-12T21:57:47.627Z [my-bank-api info: API started!]
2021-08-12T21:57:56.743Z [my-bank-api info: API started!]
2021-08-12T21:58:11.785Z [my-bank-api info: API started!]
2021-08-12T21:59:30.746Z [my-bank-api info: API started!]
2021-08-12T21:59:31.494Z [my-bank-api info: API started!]
2021-08-12T22:00:00.271Z [my-bank-api info: API started!]
2021-08-13T01:10:46.487Z [my-bank-api info: API started!]
2021-08-13T01:11:32.960Z [my-bank-api info: API started!]
2021-08-13T01:24:21.973Z [my-bank-api info: API started!]
2021-08-13T01:24:26.335Z [my-bank-api info: API started!]
2021-08-13T01:24:50.378Z [my-bank-api info: API started!]
2021-08-13T01:24:54.031Z [my-bank-api info: API started!]
2021-08-13T01:24:55.267Z [my-bank-api info: API started!]
2021-08-13T01:24:55.732Z [my-bank-api info: API started!]
2021-08-13T01:25:18.189Z [my-bank-api info: API started!]
2021-08-13T01:26:54.194Z [my-bank-api info: API started!]
2021-08-13T01:35:42.009Z [my-bank-api info: API started!]
2021-08-13T01:35:43.226Z [my-bank-api info: API started!]
2021-08-13T01:37:35.965Z [my-bank-api info: POST /account - {"id":7,"name":"A","balance":3000}]
2021-08-13T01:40:39.956Z [my-bank-api info: API started!]
2021-08-13T01:40:57.185Z [my-bank-api info: API started!]
2021-08-13T01:40:57.723Z [my-bank-api info: API started!]
2021-08-13T01:41:55.067Z [my-bank-api info: API started!]
2021-08-13T01:42:08.922Z [my-bank-api info: API started!]
2021-08-13T01:42:42.777Z [my-bank-api info: API started!]
2021-08-13T01:42:56.294Z [my-bank-api info: API started!]
2021-08-13T01:43:15.480Z [my-bank-api info: API started!]
2021-08-13T01:43:26.479Z [my-bank-api info: API started!]
2021-08-13T01:43:49.463Z [my-bank-api info: API started!]
2021-08-13T01:44:08.940Z [my-bank-api info: API started!]
2021-08-13T01:44:20.183Z [my-bank-api info: API started!]
2021-08-13T01:44:33.512Z [my-bank-api info: API started!]
2021-08-13T01:44:48.552Z [my-bank-api info: API started!]
2021-08-13T01:45:02.129Z [my-bank-api info: API started!]
2021-08-13T01:56:23.638Z [my-bank-api info: API started!]
2021-08-13T01:57:14.006Z [my-bank-api info: API started!]
2021-08-13T01:57:33.147Z [my-bank-api info: API started!]
2021-08-13T01:57:50.492Z [my-bank-api info: API started!]
2021-08-13T01:58:06.052Z [my-bank-api info: API started!]
2021-08-13T02:02:09.516Z [my-bank-api info: API started!]
2021-08-13T02:08:25.905Z [my-bank-api info: API started!]
2021-08-13T02:08:34.428Z [my-bank-api info: API started!]
2021-08-13T02:08:47.869Z [my-bank-api info: API started!]
2021-08-13T02:08:58.682Z [my-bank-api info: API started!]
2021-08-13T02:09:29.148Z [my-bank-api info: API started!]
2021-08-13T02:10:02.103Z [my-bank-api info: API started!]
2021-08-13T02:10:30.570Z [my-bank-api info: API started!]
2021-08-13T02:11:01.455Z [my-bank-api info: API started!]
2021-08-13T02:11:59.012Z [my-bank-api info: API started!]
2021-08-13T02:12:29.053Z [my-bank-api info: API started!]
2021-08-13T02:12:42.956Z [my-bank-api info: API started!]
2021-08-13T02:13:40.641Z [my-bank-api info: API started!]
2021-08-13T02:13:45.548Z [my-bank-api info: API started!]
2021-08-13T02:13:47.241Z [my-bank-api info: API started!]
2021-08-13T02:13:56.638Z [my-bank-api info: API started!]
2021-08-13T02:13:58.544Z [my-bank-api info: API started!]
2021-08-13T02:13:59.505Z [my-bank-api info: API started!]
2021-08-13T02:14:00.131Z [my-bank-api info: API started!]
2021-08-13T02:14:01.304Z [my-bank-api info: API started!]
2021-08-13T02:14:04.212Z [my-bank-api info: API started!]
2021-08-13T02:14:05.018Z [my-bank-api info: API started!]
2021-08-13T02:14:05.461Z [my-bank-api info: API started!]
2021-08-13T02:14:16.340Z [my-bank-api info: API started!]
2021-08-13T02:14:17.331Z [my-bank-api info: API started!]
2021-08-13T02:14:30.642Z [my-bank-api info: API started!]
2021-08-13T02:14:32.714Z [my-bank-api info: API started!]
2021-08-13T02:14:39.727Z [my-bank-api info: API started!]
2021-08-13T02:14:41.557Z [my-bank-api info: API started!]
2021-08-13T02:14:52.614Z [my-bank-api info: API started!]
2021-08-13T02:14:55.917Z [my-bank-api info: API started!]
2021-08-13T02:15:05.008Z [my-bank-api info: API started!]
2021-08-13T02:15:05.924Z [my-bank-api info: API started!]
2021-08-13T02:15:06.479Z [my-bank-api info: API started!]
2021-08-13T02:15:06.932Z [my-bank-api info: API started!]
2021-08-13T02:15:49.147Z [my-bank-api info: API started!]
2021-08-13T02:15:49.825Z [my-bank-api info: API started!]
2021-08-13T02:15:50.466Z [my-bank-api info: API started!]
2021-08-13T02:15:50.989Z [my-bank-api info: API started!]
2021-08-13T02:16:29.778Z [my-bank-api info: API started!]
2021-08-13T02:16:39.419Z [my-bank-api info: API started!]
2021-08-13T02:18:42.892Z [my-bank-api info: API started!]
2021-08-13T02:18:43.690Z [my-bank-api info: API started!]
2021-08-13T02:20:54.791Z [my-bank-api info: API started!]
2021-08-13T02:20:56.506Z [my-bank-api info: API started!]
2021-08-13T02:20:56.947Z [my-bank-api info: API started!]
2021-08-13T02:20:57.379Z [my-bank-api info: API started!]
2021-08-13T02:20:57.775Z [my-bank-api info: API started!]
2021-08-13T02:21:13.943Z [my-bank-api info: API started!]
2021-08-13T02:21:17.935Z [my-bank-api info: API started!]
2021-08-13T02:21:26.243Z [my-bank-api info: API started!]
2021-08-13T02:22:31.293Z [my-bank-api info: API started!]
2021-08-13T02:22:43.764Z [my-bank-api info: API started!]
2021-08-13T02:22:58.737Z [my-bank-api info: API started!]
2021-08-13T02:23:35.533Z [my-bank-api info: API started!]
2021-08-13T02:23:43.617Z [my-bank-api info: API started!]
2021-08-13T02:23:47.043Z [my-bank-api info: API started!]
2021-08-13T02:24:29.254Z [my-bank-api info: API started!]
2021-08-13T02:25:07.234Z [my-bank-api info: API started!]
2021-08-13T02:25:20.591Z [my-bank-api info: API started!]
2021-08-13T02:25:26.283Z [my-bank-api info: API started!]
2021-08-13T02:25:29.356Z [my-bank-api info: API started!]
2021-08-13T02:25:54.545Z [my-bank-api info: API started!]
2021-08-13T02:26:13.555Z [my-bank-api info: API started!]
2021-08-13T02:26:37.032Z [my-bank-api info: API started!]
2021-08-13T02:26:54.382Z [my-bank-api info: API started!]
2021-08-13T02:26:54.980Z [my-bank-api info: API started!]
2021-08-13T02:26:56.272Z [my-bank-api info: API started!]
2021-08-13T02:31:28.379Z [my-bank-api info: API started!]
2021-08-13T02:32:12.055Z [my-bank-api info: API started!]
2021-08-13T02:32:31.160Z [my-bank-api info: API started!]
2021-08-13T02:32:33.476Z [my-bank-api info: API started!]
2021-08-13T02:32:34.260Z [my-bank-api info: API started!]
2021-08-13T02:32:54.141Z [my-bank-api info: API started!]
2021-08-13T02:34:42.050Z [my-bank-api info: API started!]
